[2023-01-18 16:52:44Z INFO HostContext] No proxy settings were found based on environmental variables (http_proxy/https_proxy/HTTP_PROXY/HTTPS_PROXY)
[2023-01-18 16:52:44Z INFO HostContext] Well known directory 'Bin': '/Users/peterhuang/Desktop/workspace/tf/aws/hcpa/actions-runner/bin'
[2023-01-18 16:52:44Z INFO HostContext] Well known directory 'Root': '/Users/peterhuang/Desktop/workspace/tf/aws/hcpa/actions-runner'
[2023-01-18 16:52:44Z INFO HostContext] Well known config file 'Credentials': '/Users/peterhuang/Desktop/workspace/tf/aws/hcpa/actions-runner/.credentials'
[2023-01-18 16:52:44Z INFO HostContext] Well known directory 'Bin': '/Users/peterhuang/Desktop/workspace/tf/aws/hcpa/actions-runner/bin'
[2023-01-18 16:52:44Z INFO HostContext] Well known directory 'Root': '/Users/peterhuang/Desktop/workspace/tf/aws/hcpa/actions-runner'
[2023-01-18 16:52:44Z INFO HostContext] Well known config file 'Runner': '/Users/peterhuang/Desktop/workspace/tf/aws/hcpa/actions-runner/.runner'
[2023-01-18 16:52:44Z INFO Listener] Runner is built for OSX (X64) - osx-x64.
[2023-01-18 16:52:44Z INFO Listener] RuntimeInformation: Darwin 22.2.0 Darwin Kernel Version 22.2.0: Fri Nov 11 02:08:47 PST 2022; root:xnu-8792.61.2~4/RELEASE_X86_64.
[2023-01-18 16:52:44Z INFO Listener] Version: 2.300.2
[2023-01-18 16:52:44Z INFO Listener] Commit: 5b39316bae9c5831bd23ae25cd63bf903488a9d0
[2023-01-18 16:52:44Z INFO Listener] Culture: en-US
[2023-01-18 16:52:44Z INFO Listener] UI Culture: en-US
[2023-01-18 16:52:44Z INFO HostContext] Well known directory 'Bin': '/Users/peterhuang/Desktop/workspace/tf/aws/hcpa/actions-runner/bin'
[2023-01-18 16:52:44Z INFO HostContext] Well known directory 'Root': '/Users/peterhuang/Desktop/workspace/tf/aws/hcpa/actions-runner'
[2023-01-18 16:52:44Z INFO Listener] Validating directory permissions for: '/Users/peterhuang/Desktop/workspace/tf/aws/hcpa/actions-runner'
[2023-01-18 16:52:44Z INFO CommandLineParser] Parse
[2023-01-18 16:52:44Z INFO CommandLineParser] Parsing 5 args
[2023-01-18 16:52:44Z INFO CommandLineParser] parsing argument
[2023-01-18 16:52:44Z INFO CommandLineParser] HasArgs: False
[2023-01-18 16:52:44Z INFO CommandLineParser] Adding Command: configure
[2023-01-18 16:52:44Z INFO CommandLineParser] parsing argument
[2023-01-18 16:52:44Z INFO CommandLineParser] HasArgs: True
[2023-01-18 16:52:44Z INFO CommandLineParser] arg: url
[2023-01-18 16:52:44Z INFO CommandLineParser] parsing argument
[2023-01-18 16:52:44Z INFO CommandLineParser] HasArgs: True
[2023-01-18 16:52:44Z INFO CommandLineParser] Adding option 'url': 'https://github.com/aphuang2013/vault-action-exampleapp'
[2023-01-18 16:52:44Z INFO CommandLineParser] parsing argument
[2023-01-18 16:52:44Z INFO CommandLineParser] HasArgs: True
[2023-01-18 16:52:44Z INFO CommandLineParser] arg: token
[2023-01-18 16:52:44Z INFO CommandLineParser] parsing argument
[2023-01-18 16:52:44Z INFO CommandLineParser] HasArgs: True
[2023-01-18 16:52:44Z INFO CommandLineParser] Adding option 'token': '***'
[2023-01-18 16:52:44Z INFO Listener] Arguments parsed
[2023-01-18 16:52:45Z INFO Runner] ExecuteCommand
[2023-01-18 16:52:45Z INFO ConfigurationStore] currentAssemblyLocation: /Users/peterhuang/Desktop/workspace/tf/aws/hcpa/actions-runner/bin/Runner.Listener.dll
[2023-01-18 16:52:45Z INFO HostContext] Well known directory 'Bin': '/Users/peterhuang/Desktop/workspace/tf/aws/hcpa/actions-runner/bin'
[2023-01-18 16:52:45Z INFO ConfigurationStore] binPath: /Users/peterhuang/Desktop/workspace/tf/aws/hcpa/actions-runner/bin
[2023-01-18 16:52:45Z INFO HostContext] Well known directory 'Bin': '/Users/peterhuang/Desktop/workspace/tf/aws/hcpa/actions-runner/bin'
[2023-01-18 16:52:45Z INFO HostContext] Well known directory 'Root': '/Users/peterhuang/Desktop/workspace/tf/aws/hcpa/actions-runner'
[2023-01-18 16:52:45Z INFO ConfigurationStore] RootFolder: /Users/peterhuang/Desktop/workspace/tf/aws/hcpa/actions-runner
[2023-01-18 16:52:45Z INFO HostContext] Well known directory 'Bin': '/Users/peterhuang/Desktop/workspace/tf/aws/hcpa/actions-runner/bin'
[2023-01-18 16:52:45Z INFO HostContext] Well known directory 'Root': '/Users/peterhuang/Desktop/workspace/tf/aws/hcpa/actions-runner'
[2023-01-18 16:52:45Z INFO HostContext] Well known config file 'Runner': '/Users/peterhuang/Desktop/workspace/tf/aws/hcpa/actions-runner/.runner'
[2023-01-18 16:52:45Z INFO ConfigurationStore] ConfigFilePath: /Users/peterhuang/Desktop/workspace/tf/aws/hcpa/actions-runner/.runner
[2023-01-18 16:52:45Z INFO HostContext] Well known directory 'Bin': '/Users/peterhuang/Desktop/workspace/tf/aws/hcpa/actions-runner/bin'
[2023-01-18 16:52:45Z INFO HostContext] Well known directory 'Root': '/Users/peterhuang/Desktop/workspace/tf/aws/hcpa/actions-runner'
[2023-01-18 16:52:45Z INFO HostContext] Well known config file 'Credentials': '/Users/peterhuang/Desktop/workspace/tf/aws/hcpa/actions-runner/.credentials'
[2023-01-18 16:52:45Z INFO ConfigurationStore] CredFilePath: /Users/peterhuang/Desktop/workspace/tf/aws/hcpa/actions-runner/.credentials
[2023-01-18 16:52:45Z INFO HostContext] Well known directory 'Bin': '/Users/peterhuang/Desktop/workspace/tf/aws/hcpa/actions-runner/bin'
[2023-01-18 16:52:45Z INFO HostContext] Well known directory 'Root': '/Users/peterhuang/Desktop/workspace/tf/aws/hcpa/actions-runner'
[2023-01-18 16:52:45Z INFO HostContext] Well known config file 'MigratedCredentials': '/Users/peterhuang/Desktop/workspace/tf/aws/hcpa/actions-runner/.credentials_migrated'
[2023-01-18 16:52:45Z INFO ConfigurationStore] MigratedCredFilePath: /Users/peterhuang/Desktop/workspace/tf/aws/hcpa/actions-runner/.credentials_migrated
[2023-01-18 16:52:45Z INFO HostContext] Well known directory 'Bin': '/Users/peterhuang/Desktop/workspace/tf/aws/hcpa/actions-runner/bin'
[2023-01-18 16:52:45Z INFO HostContext] Well known directory 'Root': '/Users/peterhuang/Desktop/workspace/tf/aws/hcpa/actions-runner'
[2023-01-18 16:52:45Z INFO HostContext] Well known config file 'Service': '/Users/peterhuang/Desktop/workspace/tf/aws/hcpa/actions-runner/.service'
[2023-01-18 16:52:45Z INFO ConfigurationStore] ServiceConfigFilePath: /Users/peterhuang/Desktop/workspace/tf/aws/hcpa/actions-runner/.service
[2023-01-18 16:52:45Z INFO CommandSettings] Flag 'help': 'False'
[2023-01-18 16:52:45Z INFO CommandSettings] Flag 'version': 'False'
[2023-01-18 16:52:45Z INFO CommandSettings] Flag 'commit': 'False'
[2023-01-18 16:52:45Z INFO CommandSettings] Flag 'check': 'False'
[2023-01-18 16:52:45Z INFO CommandSettings] Command 'configure': 'True'
[2023-01-18 16:52:45Z INFO Terminal] WRITE LINE: 
[2023-01-18 16:52:45Z INFO Terminal] WRITE LINE: --------------------------------------------------------------------------------
[2023-01-18 16:52:45Z INFO Terminal] WRITE LINE: |        ____ _ _   _   _       _          _        _   _                      |
[2023-01-18 16:52:45Z INFO Terminal] WRITE LINE: |       / ___(_) |_| | | |_   _| |__      / \   ___| |_(_) ___  _ __  ___      |
[2023-01-18 16:52:45Z INFO Terminal] WRITE LINE: |      | |  _| | __| |_| | | | | '_ \    / _ \ / __| __| |/ _ \| '_ \/ __|     |
[2023-01-18 16:52:45Z INFO Terminal] WRITE LINE: |      | |_| | | |_|  _  | |_| | |_) |  / ___ \ (__| |_| | (_) | | | \__ \     |
[2023-01-18 16:52:45Z INFO Terminal] WRITE LINE: |       \____|_|\__|_| |_|\__,_|_.__/  /_/   \_\___|\__|_|\___/|_| |_|___/     |
[2023-01-18 16:52:45Z INFO Terminal] WRITE LINE: |                                                                              |
[2023-01-18 16:52:45Z INFO Terminal] WRITE: |                       
[2023-01-18 16:52:45Z INFO Terminal] WRITE: Self-hosted runner registration
[2023-01-18 16:52:45Z INFO Terminal] WRITE LINE:                         |
[2023-01-18 16:52:45Z INFO Terminal] WRITE LINE: |                                                                              |
[2023-01-18 16:52:45Z INFO Terminal] WRITE LINE: --------------------------------------------------------------------------------
[2023-01-18 16:52:45Z INFO ConfigurationManager] ConfigureAsync
[2023-01-18 16:52:45Z INFO CommandSettings] Flag 'generateServiceConfig': 'False'
[2023-01-18 16:52:45Z INFO ConfigurationStore] IsConfigured()
[2023-01-18 16:52:45Z INFO ConfigurationStore] IsConfigured: False
[2023-01-18 16:52:45Z INFO ConfigurationManager] Is configured: False
[2023-01-18 16:52:45Z INFO CommandSettings] Arg 'url': 'https://github.com/aphuang2013/vault-action-exampleapp'
[2023-01-18 16:52:45Z INFO CommandSettings] Remove url from Arg dictionary.
[2023-01-18 16:52:45Z INFO CommandSettings] Arg 'token': '***'
[2023-01-18 16:52:45Z INFO CommandSettings] Remove token from Arg dictionary.
[2023-01-18 16:52:49Z INFO ConfigurationManager] Http response code: OK from 'POST https://api.github.com/actions/runner-registration'
[2023-01-18 16:52:49Z INFO ConfigurationManager] cred retrieved via GitHub auth
[2023-01-18 16:52:49Z INFO RunnerServer] EstablishVssConnection
[2023-01-18 16:52:49Z INFO RunnerServer] Establish connection with 100 seconds timeout.
[2023-01-18 16:52:49Z INFO GitHubActionsService] Starting operation Location.GetConnectionData
[2023-01-18 16:52:49Z INFO RunnerServer] EstablishVssConnection
[2023-01-18 16:52:49Z INFO RunnerServer] Establish connection with 60 seconds timeout.
[2023-01-18 16:52:49Z INFO GitHubActionsService] Starting operation Location.GetConnectionData
[2023-01-18 16:52:49Z INFO RunnerServer] EstablishVssConnection
[2023-01-18 16:52:49Z INFO RunnerServer] Establish connection with 60 seconds timeout.
[2023-01-18 16:52:49Z INFO GitHubActionsService] Starting operation Location.GetConnectionData
[2023-01-18 16:52:50Z INFO GitHubActionsService] Finished operation Location.GetConnectionData
[2023-01-18 16:52:50Z INFO GitHubActionsService] Finished operation Location.GetConnectionData
[2023-01-18 16:52:50Z INFO GitHubActionsService] Finished operation Location.GetConnectionData
[2023-01-18 16:52:50Z INFO Terminal] WRITE LINE: 
[2023-01-18 16:52:50Z INFO ConfigurationManager] Test Connection complete.
[2023-01-18 16:52:50Z INFO HostContext] Well known directory 'Bin': '/Users/peterhuang/Desktop/workspace/tf/aws/hcpa/actions-runner/bin'
[2023-01-18 16:52:50Z INFO HostContext] Well known directory 'Root': '/Users/peterhuang/Desktop/workspace/tf/aws/hcpa/actions-runner'
[2023-01-18 16:52:50Z INFO HostContext] Well known config file 'RSACredentials': '/Users/peterhuang/Desktop/workspace/tf/aws/hcpa/actions-runner/.credentials_rsaparams'
[2023-01-18 16:52:50Z INFO RSAFileKeyManager] Creating new RSA key using 2048-bit key length
[2023-01-18 16:52:50Z INFO RSAFileKeyManager] Successfully saved RSA key parameters to file /Users/peterhuang/Desktop/workspace/tf/aws/hcpa/actions-runner/.credentials_rsaparams
[2023-01-18 16:52:50Z INFO RSAFileKeyManager] Which: 'chmod'
[2023-01-18 16:52:50Z INFO RSAFileKeyManager] Location: '/bin/chmod'
[2023-01-18 16:52:51Z INFO HostContext] Well known directory 'Bin': '/Users/peterhuang/Desktop/workspace/tf/aws/hcpa/actions-runner/bin'
[2023-01-18 16:52:51Z INFO HostContext] Well known directory 'Root': '/Users/peterhuang/Desktop/workspace/tf/aws/hcpa/actions-runner'
[2023-01-18 16:52:51Z INFO ProcessInvokerWrapper] Starting process:
[2023-01-18 16:52:51Z INFO ProcessInvokerWrapper]   File name: '/bin/chmod'
[2023-01-18 16:52:51Z INFO ProcessInvokerWrapper]   Arguments: '600 /Users/peterhuang/Desktop/workspace/tf/aws/hcpa/actions-runner/.credentials_rsaparams'
[2023-01-18 16:52:51Z INFO ProcessInvokerWrapper]   Working directory: '/Users/peterhuang/Desktop/workspace/tf/aws/hcpa/actions-runner'
[2023-01-18 16:52:51Z INFO ProcessInvokerWrapper]   Require exit code zero: 'False'
[2023-01-18 16:52:51Z INFO ProcessInvokerWrapper]   Encoding web name:  ; code page: ''
[2023-01-18 16:52:51Z INFO ProcessInvokerWrapper]   Force kill process on cancellation: 'False'
[2023-01-18 16:52:51Z INFO ProcessInvokerWrapper]   Redirected STDIN: 'False'
[2023-01-18 16:52:51Z INFO ProcessInvokerWrapper]   Persist current code page: 'False'
[2023-01-18 16:52:51Z INFO ProcessInvokerWrapper]   Keep redirected STDIN open: 'False'
[2023-01-18 16:52:51Z INFO ProcessInvokerWrapper]   High priority process: 'False'
[2023-01-18 16:52:51Z INFO ProcessInvokerWrapper] Process started with process id 99869, waiting for process exit.
[2023-01-18 16:52:51Z INFO ProcessInvokerWrapper] STDOUT/STDERR stream read finished.
[2023-01-18 16:52:51Z INFO ProcessInvokerWrapper] STDOUT/STDERR stream read finished.
[2023-01-18 16:52:51Z INFO ProcessInvokerWrapper] Finished process 99869 with exit code 0, and elapsed time 00:00:00.1635107.
[2023-01-18 16:52:51Z INFO RSAFileKeyManager] Successfully set permissions for RSA key parameters file /Users/peterhuang/Desktop/workspace/tf/aws/hcpa/actions-runner/.credentials_rsaparams
[2023-01-18 16:52:51Z INFO CommandSettings] Arg 'runnergroup': ''
[2023-01-18 16:52:51Z INFO CommandSettings] Flag 'unattended': 'False'
[2023-01-18 16:52:51Z INFO PromptManager] ReadValue
[2023-01-18 16:52:51Z INFO Terminal] WRITE: Enter the name of the runner group to add this runner to: 
[2023-01-18 16:52:51Z INFO Terminal] WRITE: [press Enter for Default] 
[2023-01-18 16:52:51Z INFO Terminal] READ LINE
[2023-01-18 16:53:09Z INFO Terminal] Read value: ''
[2023-01-18 16:53:09Z INFO PromptManager] Falling back to the default: 'Default'
[2023-01-18 16:53:09Z INFO Terminal] WRITE LINE: 
[2023-01-18 16:53:09Z INFO ConfigurationManager] Found a self-hosted runner group with id 1 and name Default
[2023-01-18 16:53:09Z INFO CommandSettings] Flag 'disableupdate': 'False'
[2023-01-18 16:53:09Z INFO CommandSettings] Flag 'ephemeral': 'False'
[2023-01-18 16:53:09Z INFO CommandSettings] Arg 'name': ''
[2023-01-18 16:53:09Z INFO CommandSettings] Flag 'unattended': 'False'
[2023-01-18 16:53:09Z INFO PromptManager] ReadValue
[2023-01-18 16:53:09Z INFO Terminal] WRITE: Enter the name of runner: 
[2023-01-18 16:53:09Z INFO Terminal] WRITE: [press Enter for phuang-MacBook-Pro] 
[2023-01-18 16:53:09Z INFO Terminal] READ LINE
[2023-01-18 16:53:11Z INFO Terminal] Read value: ''
[2023-01-18 16:53:11Z INFO PromptManager] Falling back to the default: 'phuang-MacBook-Pro'
[2023-01-18 16:53:11Z INFO Terminal] WRITE LINE: 
[2023-01-18 16:53:11Z INFO CommandSettings] Arg 'labels': ''
[2023-01-18 16:53:11Z INFO CommandSettings] Flag 'unattended': 'False'
[2023-01-18 16:53:11Z INFO PromptManager] ReadValue
[2023-01-18 16:53:11Z INFO Terminal] WRITE: This runner will have the following labels: 'self-hosted', 'macOS', 'X64' 
Enter any additional labels (ex. label-1,label-2): 
[2023-01-18 16:53:11Z INFO Terminal] WRITE: [press Enter to skip] 
[2023-01-18 16:53:11Z INFO Terminal] READ LINE
[2023-01-18 16:53:14Z INFO Terminal] Read value: ''
[2023-01-18 16:53:14Z INFO Terminal] WRITE LINE: 
[2023-01-18 16:53:15Z INFO CommandSettings] Flag 'disableupdate': 'False'
[2023-01-18 16:53:15Z INFO CommandSettings] Flag 'disableupdate': 'False'
[2023-01-18 16:53:15Z INFO CommandSettings] Flag 'ephemeral': 'False'
[2023-01-18 16:53:15Z INFO ConfigurationStore] Saving OAuth credential @ /Users/peterhuang/Desktop/workspace/tf/aws/hcpa/actions-runner/.credentials
[2023-01-18 16:53:15Z INFO ConfigurationStore] Credentials Saved.
[2023-01-18 16:53:15Z INFO ConfigurationStore] HasCredentials()
[2023-01-18 16:53:15Z INFO ConfigurationStore] stored True
[2023-01-18 16:53:15Z INFO CredentialManager] GetCredentialProvider
[2023-01-18 16:53:15Z INFO CredentialManager] Creating type OAuth
[2023-01-18 16:53:15Z INFO CredentialManager] Creating credential type: OAuth
[2023-01-18 16:53:15Z INFO RSAFileKeyManager] Loading RSA key parameters from file /Users/peterhuang/Desktop/workspace/tf/aws/hcpa/actions-runner/.credentials_rsaparams
[2023-01-18 16:53:15Z INFO RunnerServer] EstablishVssConnection
[2023-01-18 16:53:15Z INFO RunnerServer] Establish connection with 100 seconds timeout.
[2023-01-18 16:53:15Z INFO GitHubActionsService] Starting operation Location.GetConnectionData
[2023-01-18 16:53:15Z INFO RunnerServer] EstablishVssConnection
[2023-01-18 16:53:15Z INFO RunnerServer] Establish connection with 60 seconds timeout.
[2023-01-18 16:53:15Z INFO GitHubActionsService] Starting operation Location.GetConnectionData
[2023-01-18 16:53:15Z INFO RunnerServer] EstablishVssConnection
[2023-01-18 16:53:15Z INFO RunnerServer] Establish connection with 60 seconds timeout.
[2023-01-18 16:53:15Z INFO GitHubActionsService] Starting operation Location.GetConnectionData
[2023-01-18 16:53:15Z INFO GitHubActionsService] Finished operation Location.GetConnectionData
[2023-01-18 16:53:15Z INFO GitHubActionsService] Finished operation Location.GetConnectionData
[2023-01-18 16:53:15Z INFO GitHubActionsService] Finished operation Location.GetConnectionData
[2023-01-18 16:53:15Z INFO RSAFileKeyManager] Loading RSA key parameters from file /Users/peterhuang/Desktop/workspace/tf/aws/hcpa/actions-runner/.credentials_rsaparams
[2023-01-18 16:53:15Z INFO RSAFileKeyManager] Loading RSA key parameters from file /Users/peterhuang/Desktop/workspace/tf/aws/hcpa/actions-runner/.credentials_rsaparams
[2023-01-18 16:53:16Z INFO GitHubActionsService] AAD Correlation ID for this token request: Unknown
[2023-01-18 16:53:16Z INFO CommandSettings] Arg 'work': ''
[2023-01-18 16:53:16Z INFO CommandSettings] Flag 'unattended': 'False'
[2023-01-18 16:53:16Z INFO PromptManager] ReadValue
[2023-01-18 16:53:16Z INFO Terminal] WRITE: Enter name of work folder: 
[2023-01-18 16:53:16Z INFO Terminal] WRITE: [press Enter for _work] 
[2023-01-18 16:53:16Z INFO Terminal] READ LINE
[2023-01-18 16:53:20Z INFO Terminal] Read value: ''
[2023-01-18 16:53:20Z INFO PromptManager] Falling back to the default: '_work'
[2023-01-18 16:53:20Z INFO ConfigurationStore] Saving runner settings.
[2023-01-18 16:53:20Z INFO ConfigurationStore] Settings Saved.
[2023-01-18 16:53:20Z INFO Terminal] WRITE LINE: 
[2023-01-18 16:53:20Z INFO Terminal] WRITE LINE: 
[2023-01-18 16:53:20Z INFO OsxServiceControlManager] Service name 'actions.runner.aphuang2013-vault-action-exampleapp.phuang-MacBook-Pro' display name 'GitHub Actions Runner (aphuang2013-vault-action-exampleapp.phuang-MacBook-Pro)' will be used for service configuration.
[2023-01-18 16:53:20Z INFO HostContext] Well known directory 'Bin': '/Users/peterhuang/Desktop/workspace/tf/aws/hcpa/actions-runner/bin'
[2023-01-18 16:53:20Z INFO HostContext] Well known directory 'Root': '/Users/peterhuang/Desktop/workspace/tf/aws/hcpa/actions-runner'
[2023-01-18 16:53:20Z INFO HostContext] Well known directory 'Bin': '/Users/peterhuang/Desktop/workspace/tf/aws/hcpa/actions-runner/bin'
[2023-01-18 16:53:20Z INFO HostContext] Well known directory 'Bin': '/Users/peterhuang/Desktop/workspace/tf/aws/hcpa/actions-runner/bin'
[2023-01-18 16:53:20Z INFO HostContext] Well known directory 'Root': '/Users/peterhuang/Desktop/workspace/tf/aws/hcpa/actions-runner'
[2023-01-18 16:53:20Z INFO UnixUtil] Which: 'chmod'
[2023-01-18 16:53:20Z INFO UnixUtil] Location: '/bin/chmod'
[2023-01-18 16:53:20Z INFO UnixUtil] Running /bin/chmod 755 "/Users/peterhuang/Desktop/workspace/tf/aws/hcpa/actions-runner/svc.sh"
[2023-01-18 16:53:20Z INFO ProcessInvokerWrapper] Starting process:
[2023-01-18 16:53:20Z INFO ProcessInvokerWrapper]   File name: '/bin/chmod'
[2023-01-18 16:53:20Z INFO ProcessInvokerWrapper]   Arguments: '755 "/Users/peterhuang/Desktop/workspace/tf/aws/hcpa/actions-runner/svc.sh"'
[2023-01-18 16:53:20Z INFO ProcessInvokerWrapper]   Working directory: '/Users/peterhuang/Desktop/workspace/tf/aws/hcpa/actions-runner'
[2023-01-18 16:53:20Z INFO ProcessInvokerWrapper]   Require exit code zero: 'True'
[2023-01-18 16:53:20Z INFO ProcessInvokerWrapper]   Encoding web name:  ; code page: ''
[2023-01-18 16:53:20Z INFO ProcessInvokerWrapper]   Force kill process on cancellation: 'False'
[2023-01-18 16:53:20Z INFO ProcessInvokerWrapper]   Redirected STDIN: 'False'
[2023-01-18 16:53:20Z INFO ProcessInvokerWrapper]   Persist current code page: 'False'
[2023-01-18 16:53:20Z INFO ProcessInvokerWrapper]   Keep redirected STDIN open: 'False'
[2023-01-18 16:53:20Z INFO ProcessInvokerWrapper]   High priority process: 'False'
[2023-01-18 16:53:20Z INFO ProcessInvokerWrapper] Process started with process id 99952, waiting for process exit.
[2023-01-18 16:53:20Z INFO ProcessInvokerWrapper] STDOUT/STDERR stream read finished.
[2023-01-18 16:53:20Z INFO ProcessInvokerWrapper] STDOUT/STDERR stream read finished.
[2023-01-18 16:53:20Z INFO ProcessInvokerWrapper] Finished process 99952 with exit code 0, and elapsed time 00:00:00.0111706.
[2023-01-18 16:53:20Z INFO Listener] Runner execution has finished with return code 0
